<?xml version="1.0" encoding="UTF-8"?>
<!-- Generated by org.testng.reporters.JUnitReportReporter -->
<testsuite hostname="DESKTOP-46UPVCL" failures="0" tests="11" name="Hackathon.CalculateTripCost" time="56.494" errors="0" timestamp="2021-04-19T08:36:42 IST" skipped="0">
  <testcase classname="Hackathon.CalculateTripCost" name="SetUrl" time="3.629"/>
  <system-out/>
  <testcase classname="Hackathon.CalculateTripCost" name="SearchDestination" time="6.339"/>
  <system-out/>
  <testcase classname="Hackathon.CalculateTripCost" name="ClickHolidayHomesButton" time="1.587"/>
  <system-out/>
  <testcase classname="Hackathon.CalculateTripCost" name="SetDate" time="6.143"/>
  <system-out/>
  <testcase classname="Hackathon.CalculateTripCost" name="NoOfGuests" time="1.260"/>
  <system-out/>
  <testcase classname="Hackathon.CalculateTripCost" name="RatingSort" time="5.805"/>
  <system-out/>
  <testcase classname="Hackathon.CalculateTripCost" name="LiftAccess" time="2.040"/>
  <system-out/>
  <testcase classname="Hackathon.CalculateTripCost" name="HotelDetails" time="0.956"/>
  <system-out/>
  <testcase classname="Hackathon.CalculateTripCost" name="GetHotelScreenShots" time="17.148"/>
  <system-out/>
  <testcase classname="Hackathon.CalculateTripCost" name="SetCruises" time="9.679"/>
  <system-out/>
  <testcase classname="Hackathon.CalculateTripCost" name="GetCruiseDetails" time="1.908"/>
  <system-out/>
</testsuite> <!-- Hackathon.CalculateTripCost -->
